########### array before sorts ###########
0	0.000000	5.080000	0.173097	3.765199	n
1	0.173097	3.765199	0.680591	2.540000	n
2	0.680591	2.540000	1.487898	1.487898	n
3	1.487898	1.487898	2.540000	0.680591	n
4	2.540000	0.680591	3.765199	0.173097	n
5	3.765199	0.173097	5.080000	0.000000	n
6	5.080000	0.000000	262.890000	0.000000	n
7	262.890000	0.000000	264.204801	0.173097	n
8	264.204801	0.173097	265.430000	0.680591	n
9	265.430000	0.680591	266.482102	1.487898	n
10	266.482102	1.487898	267.289409	2.540000	n
11	267.289409	2.540000	267.796903	3.765199	n
12	267.796903	3.765199	267.970000	5.080000	n
13	267.970000	5.080000	267.970000	96.520000	n
14	267.970000	96.520000	267.796903	97.834801	n
15	267.796903	97.834801	267.289409	99.060000	n
16	267.289409	99.060000	266.482102	100.112102	n
17	266.482102	100.112102	265.430000	100.919409	n
18	265.430000	100.919409	264.204801	101.426903	n
19	264.204801	101.426903	262.890000	101.600000	n
20	262.890000	101.600000	5.080000	101.600000	n
21	0.000000	5.080000	0.000000	96.520000	n
22	0.000000	96.520000	0.173097	97.834801	n
23	0.173097	97.834801	0.680591	99.060000	n
24	0.680591	99.060000	1.487898	100.112102	n
25	1.487898	100.112102	2.540000	100.919409	n
26	2.540000	100.919409	3.765199	101.426903	n
27	3.765199	101.426903	5.080000	101.600000	n
Tolerance=0.050000.
*Exact match for i=0 and j=1.
*i point 0.000000	5.080000	0.173097	3.765199	y
*Exact match for i=1 and j=2.
*i point 0.173097	3.765199	0.680591	2.540000	y
*Exact match for i=2 and j=3.
*i point 0.680591	2.540000	1.487898	1.487898	y
*Exact match for i=3 and j=4.
*i point 1.487898	1.487898	2.540000	0.680591	y
*Exact match for i=4 and j=5.
*i point 2.540000	0.680591	3.765199	0.173097	y
*Exact match for i=5 and j=6.
*i point 3.765199	0.173097	5.080000	0.000000	y
*Exact match for i=6 and j=7.
*i point 5.080000	0.000000	262.890000	0.000000	y
*Exact match for i=7 and j=8.
*i point 262.890000	0.000000	264.204801	0.173097	y
*Exact match for i=8 and j=9.
*i point 264.204801	0.173097	265.430000	0.680591	y
*Exact match for i=9 and j=10.
*i point 265.430000	0.680591	266.482102	1.487898	y
*Exact match for i=10 and j=11.
*i point 266.482102	1.487898	267.289409	2.540000	y
*Exact match for i=11 and j=12.
*i point 267.289409	2.540000	267.796903	3.765199	y
*Exact match for i=12 and j=13.
*i point 267.796903	3.765199	267.970000	5.080000	y
*Exact match for i=13 and j=14.
*i point 267.970000	5.080000	267.970000	96.520000	y
*Exact match for i=14 and j=15.
*i point 267.970000	96.520000	267.796903	97.834801	y
*Exact match for i=15 and j=16.
*i point 267.796903	97.834801	267.289409	99.060000	y
*Exact match for i=16 and j=17.
*i point 267.289409	99.060000	266.482102	100.112102	y
*Exact match for i=17 and j=18.
*i point 266.482102	100.112102	265.430000	100.919409	y
*Exact match for i=18 and j=19.
*i point 265.430000	100.919409	264.204801	101.426903	y
*Exact match for i=19 and j=20.
*i point 264.204801	101.426903	262.890000	101.600000	y
*Exact match for i=20 and j=27.
*i point 262.890000	101.600000	5.080000	101.600000	y
	*Before flip 	3.765199	101.426903	5.080000	101.600000	y
	*After flip 	5.080000	101.600000	3.765199	101.426903	y
*Exact match for i=21 and j=26.
*i point 5.080000	101.600000	3.765199	101.426903	y
	*Before flip 	2.540000	100.919409	3.765199	101.426903	y
	*After flip 	3.765199	101.426903	2.540000	100.919409	y
*Exact match for i=22 and j=25.
*i point 3.765199	101.426903	2.540000	100.919409	y
	*Before flip 	1.487898	100.112102	2.540000	100.919409	y
	*After flip 	2.540000	100.919409	1.487898	100.112102	y
*Exact match for i=23 and j=24.
*i point 2.540000	100.919409	1.487898	100.112102	y
	*Before flip 	0.680591	99.060000	1.487898	100.112102	y
	*After flip 	1.487898	100.112102	0.680591	99.060000	y
*Exact match for i=24 and j=25.
*i point 1.487898	100.112102	0.680591	99.060000	y
	*Before flip 	0.173097	97.834801	0.680591	99.060000	y
	*After flip 	0.680591	99.060000	0.173097	97.834801	y
*Exact match for i=25 and j=26.
*i point 0.680591	99.060000	0.173097	97.834801	y
	*Before flip 	0.000000	96.520000	0.173097	97.834801	y
	*After flip 	0.173097	97.834801	0.000000	96.520000	y
*Exact match for i=26 and j=27.
*i point 0.173097	97.834801	0.000000	96.520000	y
	*Before flip 	0.000000	5.080000	0.000000	96.520000	y
	*After flip 	0.000000	96.520000	0.000000	5.080000	y
########### array after sorts ###########
0	0.000000	5.080000	0.173097	3.765199	y
1	0.173097	3.765199	0.680591	2.540000	y
2	0.680591	2.540000	1.487898	1.487898	y
3	1.487898	1.487898	2.540000	0.680591	y
4	2.540000	0.680591	3.765199	0.173097	y
5	3.765199	0.173097	5.080000	0.000000	y
6	5.080000	0.000000	262.890000	0.000000	y
7	262.890000	0.000000	264.204801	0.173097	y
8	264.204801	0.173097	265.430000	0.680591	y
9	265.430000	0.680591	266.482102	1.487898	y
10	266.482102	1.487898	267.289409	2.540000	y
11	267.289409	2.540000	267.796903	3.765199	y
12	267.796903	3.765199	267.970000	5.080000	y
13	267.970000	5.080000	267.970000	96.520000	y
14	267.970000	96.520000	267.796903	97.834801	y
15	267.796903	97.834801	267.289409	99.060000	y
16	267.289409	99.060000	266.482102	100.112102	y
17	266.482102	100.112102	265.430000	100.919409	y
18	265.430000	100.919409	264.204801	101.426903	y
19	264.204801	101.426903	262.890000	101.600000	y
20	262.890000	101.600000	5.080000	101.600000	y
21	5.080000	101.600000	3.765199	101.426903	y
22	3.765199	101.426903	2.540000	100.919409	y
23	2.540000	100.919409	1.487898	100.112102	y
24	1.487898	100.112102	0.680591	99.060000	y
25	0.680591	99.060000	0.173097	97.834801	y
26	0.173097	97.834801	0.000000	96.520000	y
27	0.000000	96.520000	0.000000	5.080000	y
***************
.BOARD_OUTLINE UNOWNED
1.6
0     0.000000     5.080000     0
0     0.173097     3.765199     0
0     0.680591     2.540000     0
0     1.487898     1.487898     0
0     2.540000     0.680591     0
0     3.765199     0.173097     0
0     5.080000     0.000000     0
0     262.890000     0.000000     0
0     264.204801     0.173097     0
0     265.430000     0.680591     0
0     266.482102     1.487898     0
0     267.289409     2.540000     0
0     267.796903     3.765199     0
0     267.970000     5.080000     0
0     267.970000     96.520000     0
0     267.796903     97.834801     0
0     267.289409     99.060000     0
0     266.482102     100.112102     0
0     265.430000     100.919409     0
0     264.204801     101.426903     0
0     262.890000     101.600000     0
0     5.080000     101.600000     0
0     3.765199     101.426903     0
0     2.540000     100.919409     0
0     1.487898     100.112102     0
0     0.680591     99.060000     0
0     0.173097     97.834801     0
0     0.000000     96.520000     0
0     0.000000     5.080000     0
